2023.10.16 22:57:54 INFO  Started: Metals version 1.0.1 in folders '/Users/tildaholmner/webbprogg/project/edaf90-project' for client Visual Studio Code 1.82.2.
okt. 16, 2023 10:57:54 EM org.flywaydb.core.internal.license.VersionPrinter printVersionOnly
INFO: Flyway Community Edition 9.21.2 by Redgate
okt. 16, 2023 10:57:54 EM org.flywaydb.core.internal.license.VersionPrinter printVersion
INFO: See release notes here: https://rd.gt/416ObMi
okt. 16, 2023 10:57:54 EM org.flywaydb.core.internal.license.VersionPrinter printVersion
INFO: 
okt. 16, 2023 10:57:55 EM org.flywaydb.core.FlywayExecutor execute
INFO: Database: jdbc:h2:file:/Users/tildaholmner/webbprogg/project/edaf90-project/.metals/metals (H2 2.1)
okt. 16, 2023 10:57:56 EM org.flywaydb.core.internal.schemahistory.JdbcTableSchemaHistory allAppliedMigrations
INFO: Schema history table "PUBLIC"."flyway_schema_history" does not exist yet
okt. 16, 2023 10:57:56 EM org.flywaydb.core.internal.command.DbValidate validate
INFO: Successfully validated 4 migrations (execution time 00:00.047s)
okt. 16, 2023 10:57:56 EM org.flywaydb.core.internal.schemahistory.JdbcTableSchemaHistory create
INFO: Creating Schema History table "PUBLIC"."flyway_schema_history" ...
okt. 16, 2023 10:57:56 EM org.flywaydb.core.internal.command.DbMigrate migrateGroup
INFO: Current version of schema "PUBLIC": << Empty Schema >>
okt. 16, 2023 10:57:56 EM org.flywaydb.core.internal.command.DbMigrate doMigrateGroup
INFO: Migrating schema "PUBLIC" to version "1 - Create tables"
okt. 16, 2023 10:57:56 EM org.flywaydb.core.internal.command.DbMigrate doMigrateGroup
INFO: Migrating schema "PUBLIC" to version "2 - Server discovery"
okt. 16, 2023 10:57:56 EM org.flywaydb.core.internal.command.DbMigrate doMigrateGroup
INFO: Migrating schema "PUBLIC" to version "3 - Jar symbols"
okt. 16, 2023 10:57:56 EM org.flywaydb.core.internal.command.DbMigrate doMigrateGroup
INFO: Migrating schema "PUBLIC" to version "4 - Fingerprints"
okt. 16, 2023 10:57:56 EM org.flywaydb.core.internal.command.DbMigrate logSummary
INFO: Successfully applied 4 migrations to schema "PUBLIC", now at version v4 (execution time 00:00.068s)
2023.10.16 22:57:56 INFO  time: initialize in 2.31s
2023.10.16 22:58:06 WARN  Build server is not auto-connectable.
2023.10.16 22:58:06 WARN  no build tool detected in workspace '/Users/tildaholmner/webbprogg/project/edaf90-project'. The most common cause for this problem is that the editor was opened in the wrong working directory, for example if you use sbt then the workspace directory should contain build.sbt. 
2023.10.16 23:15:17 INFO  Shutting down server
2023.10.16 23:15:17 INFO  shutting down Metals
2023.10.16 23:15:17 INFO  Exiting server
